{"uuid":"51ff1a9f-788e-45f7-9a58-cfa69eb4afec","historyId":"7c45ccd089164cf394d0dc33f9cdc95","testCaseId":"[engine:junit-jupiter]/[class:ui_tests.users_tests.UsersTest]/[method:enrollUserToCourseTest()]","testCaseName":"enrollUserToCourseTest()","fullName":"ui_tests.users_tests.UsersTest.enrollUserToCourseTest","labels":[{"name":"junit.platform.uniqueid","value":"[engine:junit-jupiter]/[class:ui_tests.users_tests.UsersTest]/[method:enrollUserToCourseTest()]"},{"name":"host","value":"DESKTOP-5E12801"},{"name":"thread","value":"29700@DESKTOP-5E12801.main(1)"},{"name":"framework","value":"junit-platform"},{"name":"language","value":"java"},{"name":"package","value":"ui_tests.users_tests.UsersTest"},{"name":"testClass","value":"ui_tests.users_tests.UsersTest"},{"name":"testMethod","value":"enrollUserToCourseTest"},{"name":"suite","value":"ui_tests.users_tests.UsersTest"}],"links":[],"name":"enrollUserToCourseTest()","status":"failed","statusDetails":{"known":false,"muted":false,"flaky":false,"message":"Element not found {div[data-testid='table'].findBy(text \"R. Cremin\")}\r\nExpected: clickable: interactable and enabled\r\nScreenshot: file:/C:/Users/ASUS/TALENTLMS_TAF2/build/reports/tests/1729517588076.0.png\r\nPage source: file:/C:/Users/ASUS/TALENTLMS_TAF2/build/reports/tests/1729517588076.0.html\r\nTimeout: 4 s.\r\nCaused by: NoSuchElementException: Cannot locate an element div[data-testid='table'].findBy(text \"R. Cremin\")","trace":"Element not found {div[data-testid='table'].findBy(text \"R. Cremin\")}\r\nExpected: clickable: interactable and enabled\r\nScreenshot: file:/C:/Users/ASUS/TALENTLMS_TAF2/build/reports/tests/1729517588076.0.png\r\nPage source: file:/C:/Users/ASUS/TALENTLMS_TAF2/build/reports/tests/1729517588076.0.html\r\nTimeout: 4 s.\r\nCaused by: NoSuchElementException: Cannot locate an element div[data-testid='table'].findBy(text \"R. Cremin\")\r\n\tat com.codeborne.selenide.impl.WebElementSource.createElementNotFoundError(WebElementSource.java:90)\r\n\tat com.codeborne.selenide.impl.WebElementSource.handleError(WebElementSource.java:142)\r\n\tat com.codeborne.selenide.impl.WebElementSource.checkConditionAndReturnElement(WebElementSource.java:126)\r\n\tat com.codeborne.selenide.impl.WebElementSource.findAndAssertElementIsClickable(WebElementSource.java:178)\r\n\tat com.codeborne.selenide.commands.Click.findElement(Click.java:53)\r\n\tat com.codeborne.selenide.commands.Click.execute(Click.java:34)\r\n\tat com.codeborne.selenide.commands.Click.execute(Click.java:26)\r\n\tat com.codeborne.selenide.commands.Commands.execute(Commands.java:162)\r\n\tat com.codeborne.selenide.impl.SelenideElementProxy.dispatchAndRetry(SelenideElementProxy.java:134)\r\n\tat com.codeborne.selenide.impl.SelenideElementProxy.invoke(SelenideElementProxy.java:86)\r\n\tat jdk.proxy2/jdk.proxy2.$Proxy9.click(Unknown Source)\r\n\tat ui.helper.SelenideElementActions.selectUserByName(SelenideElementActions.java:65)\r\n\tat ui.pages.users.UsersPage.selectUser(UsersPage.java:26)\r\n\tat ui_tests.users_tests.UsersTest.enrollUserToCourseTest(UsersTest.java:29)\r\n\tat java.base/java.lang.reflect.Method.invoke(Method.java:568)\r\n\tat java.base/java.util.ArrayList.forEach(ArrayList.java:1511)\r\n\tat java.base/java.util.ArrayList.forEach(ArrayList.java:1511)\r\nCaused by: org.openqa.selenium.NoSuchElementException: Cannot locate an element div[data-testid='table'].findBy(text \"R. Cremin\")\nFor documentation on this error, please visit: https://www.selenium.dev/documentation/webdriver/troubleshooting/errors#no-such-element-exception\nBuild info: version: '4.25.0', revision: '8a8aea2337'\nSystem info: os.name: 'Windows 11', os.arch: 'amd64', os.version: '10.0', java.version: '17.0.11'\nDriver info: driver.version: unknown\r\n\tat com.codeborne.selenide.impl.CollectionElementByCondition.getWebElement(CollectionElementByCondition.java:55)\r\n\tat com.codeborne.selenide.impl.WebElementSource.checkConditionAndReturnElement(WebElementSource.java:115)\r\n\t... 14 more\r\n"},"stage":"finished","description":"","steps":[],"attachments":[],"parameters":[],"start":1729517572280,"stop":1729517588297}