{"uuid":"a86dc61a-2012-41fa-af0d-e2f86f2b39c1","historyId":"41e6c87bd8321eb975d752becc6533d5","testCaseId":"[engine:junit-jupiter]/[class:ui.demoqa.DynamicProperties]/[method:demoQaUploadFile()]","testCaseName":"demoQaUploadFile()","fullName":"ui.demoqa.DynamicProperties.demoQaUploadFile","labels":[{"name":"junit.platform.uniqueid","value":"[engine:junit-jupiter]/[class:ui.demoqa.DynamicProperties]/[method:demoQaUploadFile()]"},{"name":"host","value":"DESKTOP-31SD18D"},{"name":"thread","value":"15664@DESKTOP-31SD18D.main(1)"},{"name":"framework","value":"junit-platform"},{"name":"language","value":"java"},{"name":"package","value":"ui.demoqa.DynamicProperties"},{"name":"testClass","value":"ui.demoqa.DynamicProperties"},{"name":"testMethod","value":"demoQaUploadFile"},{"name":"suite","value":"ui.demoqa.DynamicProperties"}],"links":[],"name":"demoQaUploadFile()","status":"failed","statusDetails":{"known":false,"muted":false,"flaky":false,"message":"WebDriverException: unknown error: path is not absolute: src/main/java/ui/pages/images/Godzilla.jpg\r\nScreenshot: file:/D:/Spring2024/TALENTLMS_TAF(Selenide)/build/reports/tests/1729620447088.0.png\r\nPage source: file:/D:/Spring2024/TALENTLMS_TAF(Selenide)/build/reports/tests/1729620447088.0.html\r\nTimeout: 4 s.\r\nCaused by: WebDriverException: unknown error: path is not absolute: src/main/java/ui/pages/images/Godzilla.jpg","trace":"WebDriverException: unknown error: path is not absolute: src/main/java/ui/pages/images/Godzilla.jpg\r\nScreenshot: file:/D:/Spring2024/TALENTLMS_TAF(Selenide)/build/reports/tests/1729620447088.0.png\r\nPage source: file:/D:/Spring2024/TALENTLMS_TAF(Selenide)/build/reports/tests/1729620447088.0.html\r\nTimeout: 4 s.\r\nCaused by: WebDriverException: unknown error: path is not absolute: src/main/java/ui/pages/images/Godzilla.jpg\r\n\tat com.codeborne.selenide.ex.UIAssertionError.wrapToUIAssertionError(UIAssertionError.java:131)\r\n\tat com.codeborne.selenide.ex.UIAssertionError.wrapThrowable(UIAssertionError.java:112)\r\n\tat com.codeborne.selenide.ex.UIAssertionError.wrap(UIAssertionError.java:106)\r\n\tat com.codeborne.selenide.impl.SelenideElementProxy.invoke(SelenideElementProxy.java:96)\r\n\tat jdk.proxy2/jdk.proxy2.$Proxy9.sendKeys(Unknown Source)\r\n\tat ui.demoqa.DynamicProperties.demoQaUploadFile(DynamicProperties.java:48)\r\n\tat java.base/java.lang.reflect.Method.invoke(Method.java:568)\r\n\tat java.base/java.util.ArrayList.forEach(ArrayList.java:1511)\r\n\tat java.base/java.util.ArrayList.forEach(ArrayList.java:1511)\r\nCaused by: org.openqa.selenium.WebDriverException: unknown error: path is not absolute: src/main/java/ui/pages/images/Godzilla.jpg\n  (Session info: chrome=130.0.6723.59)\nBuild info: version: '4.25.0', revision: '8a8aea2337'\nSystem info: os.name: 'Windows 10', os.arch: 'amd64', os.version: '10.0', java.version: '17.0.12'\nDriver info: org.openqa.selenium.chrome.ChromeDriver\nCommand: [d60fb567244f7818f484476780ebc156, sendKeysToElement {value=[Ljava.lang.CharSequence;@1d207fad, id=f.913CA9949A8CA9B6934AD6B420AC21E5.d.1459248B251EEDFA8953DA4F92969F65.e.46}]\nCapabilities {acceptInsecureCerts: true, browserName: chrome, browserVersion: 130.0.6723.59, chrome: {chromedriverVersion: 130.0.6723.58 (3a50e012e4c9..., userDataDir: C:\\Users\\7272~1\\AppData\\Loc...}, fedcm:accounts: true, goog:chromeOptions: {debuggerAddress: localhost:2765}, networkConnectionEnabled: false, pageLoadStrategy: normal, platformName: windows, proxy: Proxy(), se:cdp: ws://localhost:2765/devtool..., se:cdpVersion: 130.0.6723.59, setWindowRect: true, strictFileInteractability: false, timeouts: {implicit: 0, pageLoad: 300000, script: 30000}, unhandledPromptBehavior: accept, webauthn:extension:credBlob: true, webauthn:extension:largeBlob: true, webauthn:extension:minPinLength: true, webauthn:extension:prf: true, webauthn:virtualAuthenticators: true}\nElement: [[ChromeDriver: chrome on windows (d60fb567244f7818f484476780ebc156)] -> id: uploadFile]\nSession ID: d60fb567244f7818f484476780ebc156\r\n\tat jdk.internal.reflect.GeneratedConstructorAccessor13.newInstance(Unknown Source)\r\n\tat java.base/jdk.internal.reflect.DelegatingConstructorAccessorImpl.newInstance(DelegatingConstructorAccessorImpl.java:45)\r\n\tat java.base/java.lang.reflect.Constructor.newInstanceWithCaller(Constructor.java:499)\r\n\tat java.base/java.lang.reflect.Constructor.newInstance(Constructor.java:480)\r\n\tat org.openqa.selenium.remote.ErrorCodec.decode(ErrorCodec.java:167)\r\n\tat org.openqa.selenium.remote.codec.w3c.W3CHttpResponseCodec.decode(W3CHttpResponseCodec.java:138)\r\n\tat org.openqa.selenium.remote.codec.w3c.W3CHttpResponseCodec.decode(W3CHttpResponseCodec.java:50)\r\n\tat org.openqa.selenium.remote.HttpCommandExecutor.execute(HttpCommandExecutor.java:190)\r\n\tat org.openqa.selenium.remote.service.DriverCommandExecutor.invokeExecute(DriverCommandExecutor.java:216)\r\n\tat org.openqa.selenium.remote.service.DriverCommandExecutor.execute(DriverCommandExecutor.java:174)\r\n\tat org.openqa.selenium.remote.RemoteWebDriver.execute(RemoteWebDriver.java:545)\r\n\tat org.openqa.selenium.remote.RemoteWebElement.execute(RemoteWebElement.java:223)\r\n\tat org.openqa.selenium.remote.RemoteWebElement.sendKeys(RemoteWebElement.java:110)\r\n\tat jdk.internal.reflect.GeneratedMethodAccessor1.invoke(Unknown Source)\r\n\tat java.base/jdk.internal.reflect.DelegatingMethodAccessorImpl.invoke(DelegatingMethodAccessorImpl.java:43)\r\n\tat java.base/java.lang.reflect.Method.invoke(Method.java:568)\r\n\tat com.codeborne.selenide.impl.SelenideElementProxy.dispatchAndRetry(SelenideElementProxy.java:137)\r\n\tat com.codeborne.selenide.impl.SelenideElementProxy.invoke(SelenideElementProxy.java:86)\r\n\t... 5 more\r\n"},"stage":"finished","description":"","steps":[],"attachments":[],"parameters":[],"start":1729620413807,"stop":1729620447226}