{"uuid":"c3325749-f4b0-463e-a579-112adac627f0","historyId":"7c45ccd089164cf394d0dc33f9cdc95","testCaseId":"[engine:junit-jupiter]/[class:ui_tests.users_tests.UsersTest]/[method:enrollUserToCourseTest()]","testCaseName":"enrollUserToCourseTest()","fullName":"ui_tests.users_tests.UsersTest.enrollUserToCourseTest","labels":[{"name":"junit.platform.uniqueid","value":"[engine:junit-jupiter]/[class:ui_tests.users_tests.UsersTest]/[method:enrollUserToCourseTest()]"},{"name":"host","value":"DESKTOP-5E12801"},{"name":"thread","value":"6256@DESKTOP-5E12801.main(1)"},{"name":"framework","value":"junit-platform"},{"name":"language","value":"java"},{"name":"package","value":"ui_tests.users_tests.UsersTest"},{"name":"testClass","value":"ui_tests.users_tests.UsersTest"},{"name":"testMethod","value":"enrollUserToCourseTest"},{"name":"suite","value":"ui_tests.users_tests.UsersTest"}],"links":[],"name":"enrollUserToCourseTest()","status":"failed","statusDetails":{"known":false,"muted":false,"flaky":false,"message":"Element not found {div[data-testid='table'].findBy(text \"D. Mueller\")}\r\nExpected: exist\r\nScreenshot: file:/C:/Users/ASUS/TALENTLMS_TAF2/build/reports/tests/1729517657797.0.png\r\nPage source: file:/C:/Users/ASUS/TALENTLMS_TAF2/build/reports/tests/1729517657797.0.html\r\nTimeout: 4 s.\r\nCaused by: NoSuchElementException: Cannot locate an element div[data-testid='table'].findBy(text \"D. Mueller\")","trace":"Element not found {div[data-testid='table'].findBy(text \"D. Mueller\")}\r\nExpected: exist\r\nScreenshot: file:/C:/Users/ASUS/TALENTLMS_TAF2/build/reports/tests/1729517657797.0.png\r\nPage source: file:/C:/Users/ASUS/TALENTLMS_TAF2/build/reports/tests/1729517657797.0.html\r\nTimeout: 4 s.\r\nCaused by: NoSuchElementException: Cannot locate an element div[data-testid='table'].findBy(text \"D. Mueller\")\r\n\tat com.codeborne.selenide.impl.WebElementSource.createElementNotFoundError(WebElementSource.java:90)\r\n\tat com.codeborne.selenide.impl.ExceptionWrapper.wrap(ExceptionWrapper.java:32)\r\n\tat com.codeborne.selenide.impl.SelenideElementProxy.dispatchAndRetry(SelenideElementProxy.java:156)\r\n\tat com.codeborne.selenide.impl.SelenideElementProxy.invoke(SelenideElementProxy.java:86)\r\n\tat jdk.proxy2/jdk.proxy2.$Proxy9.hover(Unknown Source)\r\n\tat ui.helper.SelenideElementActions.navigateToElement(SelenideElementActions.java:77)\r\n\tat ui.pages.users.UsersPage.loginActions(UsersPage.java:37)\r\n\tat ui_tests.users_tests.UsersTest.enrollUserToCourseTest(UsersTest.java:31)\r\n\tat java.base/java.lang.reflect.Method.invoke(Method.java:568)\r\n\tat java.base/java.util.ArrayList.forEach(ArrayList.java:1511)\r\n\tat java.base/java.util.ArrayList.forEach(ArrayList.java:1511)\r\nCaused by: org.openqa.selenium.NoSuchElementException: Cannot locate an element div[data-testid='table'].findBy(text \"D. Mueller\")\nFor documentation on this error, please visit: https://www.selenium.dev/documentation/webdriver/troubleshooting/errors#no-such-element-exception\nBuild info: version: '4.25.0', revision: '8a8aea2337'\nSystem info: os.name: 'Windows 11', os.arch: 'amd64', os.version: '10.0', java.version: '17.0.11'\nDriver info: driver.version: unknown\r\n\tat com.codeborne.selenide.impl.CollectionElementByCondition.getWebElement(CollectionElementByCondition.java:55)\r\n\tat com.codeborne.selenide.commands.Hover.execute(Hover.java:21)\r\n\tat com.codeborne.selenide.commands.Hover.execute(Hover.java:16)\r\n\tat com.codeborne.selenide.commands.Commands.execute(Commands.java:162)\r\n\tat com.codeborne.selenide.impl.SelenideElementProxy.dispatchAndRetry(SelenideElementProxy.java:134)\r\n\t... 8 more\r\n"},"stage":"finished","description":"","steps":[],"attachments":[],"parameters":[],"start":1729517642181,"stop":1729517658006}